<?xml version="1.0" encoding="UTF-8"?>
<!-- Generated by org.testng.reporters.JUnitXMLReporter -->
<testsuite ignored="6" hostname="DESKTOP-GUOD0BD" failures="0" tests="1" name="Default test" time="15.63" errors="0" timestamp="2024-12-16T11:11:16 GMT+05:45">
  <testcase classname="QA_Task.NewTest" name="validateFooterContent" time="12.915"/>
  <testcase classname="QA_Task.NewTest" name="socialMediaLinks" time="0.0">
    <ignored/>
  </testcase> <!-- socialMediaLinks -->
  <testcase classname="QA_Task.NewTest" name="testAboutLink" time="0.0">
    <ignored/>
  </testcase> <!-- testAboutLink -->
  <testcase classname="QA_Task.NewTest" name="testMembersLink" time="0.0">
    <ignored/>
  </testcase> <!-- testMembersLink -->
  <testcase classname="QA_Task.NewTest" name="testEntryButton" time="0.0">
    <ignored/>
  </testcase> <!-- testEntryButton -->
  <testcase classname="QA_Task.NewTest" name="testWorkStyleLink" time="0.0">
    <ignored/>
  </testcase> <!-- testWorkStyleLink -->
  <testcase classname="QA_Task.NewTest" name="testHomeLink" time="0.0">
    <ignored/>
  </testcase> <!-- testHomeLink -->
</testsuite> <!-- Default test -->
