<?xml version="1.0" encoding="UTF-8"?>
<testng-results ignored="0" total="1" passed="1" failed="0" skipped="0">
  <reporter-output>
  </reporter-output>
  <suite started-at="2024-12-16T11:11:00 GMT+05:45" name="Default suite" finished-at="2024-12-16T11:11:16 GMT+05:45" duration-ms="15630">
    <groups>
    </groups>
    <test started-at="2024-12-16T11:11:00 GMT+05:45" name="Default test" finished-at="2024-12-16T11:11:16 GMT+05:45" duration-ms="15630">
      <class name="QA_Task.NewTest">
        <test-method is-config="true" signature="setUp()[pri:0, instance:QA_Task.NewTest@2925bf5b]" started-at="2024-12-16T11:11:00 GMT+05:45" name="setUp" finished-at="2024-12-16T11:11:03 GMT+05:45" duration-ms="2466" status="PASS">
          <reporter-output>
          </reporter-output>
        </test-method> <!-- setUp -->
        <test-method signature="validateFooterContent()[pri:0, instance:QA_Task.NewTest@2925bf5b]" started-at="2024-12-16T11:11:03 GMT+05:45" name="validateFooterContent" finished-at="2024-12-16T11:11:16 GMT+05:45" duration-ms="12915" status="PASS">
          <reporter-output>
          </reporter-output>
        </test-method> <!-- validateFooterContent -->
        <test-method is-config="true" signature="tearDown()[pri:0, instance:QA_Task.NewTest@2925bf5b]" started-at="2024-12-16T11:11:16 GMT+05:45" name="tearDown" finished-at="2024-12-16T11:11:16 GMT+05:45" duration-ms="191" status="PASS">
          <reporter-output>
          </reporter-output>
        </test-method> <!-- tearDown -->
      </class> <!-- QA_Task.NewTest -->
    </test> <!-- Default test -->
  </suite> <!-- Default suite -->
</testng-results>
